[2024-11-29 16:04:32] DORT
MORİ SONUN
ADALI
[2024-11-29 16:04:39] HG il
DOKTOR
MORE ALNU':
ADASI

bi.
[2024-11-29 16:04:44] H.G. WELLS
DOKTOR
MOREAU'NUN

ADASI -. -—
[2024-11-29 16:04:49] DOKTOR
MORE AU'NUN

ADASI .
[2024-11-29 16:04:52] .

basim Arda
[2024-11-29 16:05:01] Nİ
bom Aveda

Kal ET AŞ
rare ayla şaman ağ
rna Marta man
[2024-11-29 16:05:11] aman,
en duşmana, ha
[2024-11-29 16:05:16] xI
İnsan Avvoliği
[2024-11-29 16:05:19] —

NI
İsim Avealı
[2024-11-29 16:05:23] 7 lir
A p

/ j
[2024-11-29 16:05:36] vakte, YAR
<a yara, Sİ na

uy, ekim, vüEU Da

mucdı
kusala bulamama eliyle
gn havaya kaldırıp
[2024-11-29 16:05:39] e

şemaya çakışan
[2024-11-29 16:05:44] mid Meğri hi
Kula talanına eyi
odamın 3
—
[2024-11-29 16:05:46] imiş vara
[2024-11-29 16:05:49] ber şer yerd. O aş
[2024-11-29 16:06:49] H.G A!.
DOKTO
MORİ
ADAN
[2024-11-29 16:06:56] H.G WELIS
DOKTOR

MOREALU'NUN
ADASI
[2024-11-29 16:07:21] >
, wv

"#ODERN KLASIKLER Dızısı - OO
mlatkemalimm aiamtelemiin 4, İnme İmei
[2024-11-29 16:07:31] Nm ği,

““ODERN KLASikLER Dızısı -
veli üre masğreem: Daria, sne) Özar
[2024-11-29 16:07:38] “ÖDERN KLASIKLER Dızısı -
[2024-11-29 16:08:27] > a,

“ODERN KLAasır ER Dızısı -

veli eN ÖNLÜ relğrden, KA
LİTE garanti “kar anama PE
amal yöresel” a racağı Yoruala MNAM e
a Çeliğe Dar arar had, GAMMA
SMA ACI PA laa rma oan

emg
1 Bl ermalarıyla Sha a çan yapılmalı, VENN Gi
sanılan çakymasarı yrdeme gemataği a

alyecan 0 Yar nn Ouanmadağı, hye
[2024-11-29 16:08:34] mirrlyemek baha

a yea

Hageiler mi
[2024-11-29 17:27:13] 
[2024-11-29 17:27:14] 
[2024-11-29 17:27:14] 
[2024-11-29 17:27:14] 
[2024-11-29 17:27:14] 
[2024-11-29 17:27:14] 
[2024-11-29 17:27:14] 
[2024-11-29 17:27:14] 
[2024-11-29 17:27:15] 
[2024-11-29 17:27:17] ADASI sma
[2024-11-29 17:27:23] H.G. WELLS
DOKTOR
MOREAU'NUN
ADASI -. 5
[2024-11-29 17:27:29] H.G. WELLS
DOKTOR
MORE AU'NUN
ADASI sz
[2024-11-29 17:27:33] Li
İNİ ADASI 255 -
>
[2024-11-29 17:27:39] HZĞ. WELLS
DOKTOR

MOREAU'NUN
ADASI ax“
[2024-11-29 17:27:41] MA Ve ||
[2024-11-29 17:27:41] 
[2024-11-29 17:27:42] 
[2024-11-29 17:27:42] 
[2024-11-29 17:27:42] 
[2024-11-29 17:27:42] 
[2024-11-29 17:27:42] 
[2024-11-29 17:27:42] 
[2024-11-29 17:27:42] 
[2024-11-29 17:27:42] 
[2024-11-29 17:27:42] 
[2024-11-29 17:27:43] 
[2024-11-29 17:27:43] 
[2024-11-29 17:27:43] 
[2024-11-29 17:27:43] 
[2024-11-29 17:27:45] Li ge”
)

İ
[2024-11-29 17:27:51] H.G. WELLS

DOKTOR
MORE AU'NUN
ADASI
[2024-11-29 17:27:51] 
[2024-11-29 17:27:51] 
[2024-11-29 17:27:51] 
[2024-11-29 17:27:51] 
[2024-11-29 17:27:51] 
[2024-11-29 17:27:51] 
[2024-11-29 17:27:52] 
[2024-11-29 17:27:52] 
[2024-11-29 17:27:52] 
[2024-11-29 17:27:52] 
[2024-11-29 17:27:52] 
[2024-11-29 17:27:52] 
[2024-11-29 17:27:52] 
[2024-11-29 17:27:52] 
[2024-11-29 17:27:52] 
[2024-11-29 17:27:53] 
[2024-11-29 17:27:53] 
[2024-11-29 17:27:53] 
[2024-11-29 17:27:53] 
[2024-11-29 17:27:53] 
[2024-11-29 17:27:53] 
[2024-11-29 17:27:53] 
[2024-11-29 17:27:53] 
[2024-11-29 17:27:54] 
[2024-11-29 17:27:54] 
[2024-11-29 17:27:54] 
[2024-11-29 17:27:54] 
[2024-11-29 17:27:54] 
[2024-11-29 17:27:54] 
[2024-11-29 17:27:54] 
[2024-11-29 17:27:54] 
[2024-11-29 17:27:54] 
[2024-11-29 17:27:55] 
[2024-11-29 17:27:55] 
[2024-11-29 17:27:55] 
[2024-11-29 17:27:57] 127je
[2024-11-30 00:17:11] A

DERN KLASİKLER Dizisi - iOO

G. WELLS
[2024-11-30 00:17:28] MODERN KLASİKLER Dizisi - (OO

H.G. WELLS
DOKTOR
MOREAU'NUN
ADASI
[2024-11-30 00:18:00] “İİİ,
MODERN KLASİKLER Dizisi - OO

garp yaratıklar ve karanlık onlarla hargdaşı. Bu arla, insanı ve yazgı

kollayacak bir Tann'nın bulunmadı. bölünüdn ahiziden voksun bi
[2024-11-30 00:51:45] YEN KALE Re (izi Şe

.G. WELLS

OKTOR
ORFEATIPA |
[2024-11-30 00:53:31] MODERN KLSİKLER Dizisi - oç
[2024-11-30 00:53:42] H.G. WELLS
DOKTOR
MOREAU'NUN
ADASI
[2024-11-30 01:40:40] Om TM

MUREAY NUN
aLAĞI
[2024-11-30 01:40:52] p  X

MODERN KLASİKLER DİZİSİ - OO
O
MORE ALUNUN

ADASI
[2024-11-30 01:45:31] .G. WELLS
OKTOR
I(OREAU'NUN
[2024-12-02 16:57:25] ORİJİN

İMERVE'NİN EMEĞİYLE

SRETILDI
[2024-12-02 23:37:49] MODERN KLASİKLER Dizisi - OO
[2024-12-02 23:41:35] MODERN KLASİKLER Dizisi - I(OO

garip yaratıklar ve karanlık sırlarla karşılaşır. Bu ada, insanı ve yazgısını
kollayacak bir Tanrı'nın bulunmadığı, bütünüyle ahlaktan yoksun bır
evrenin mikrokozmosudur adeta

Doktor Moreau'nun Adası çıktığı zaman
barındırabileceği 1 karşı bir uyarı niteliği taşır ,
[2024-12-02 23:44:13] me)

MODERN KLASİKLER Dizisi - (OO

Wels'in öncü niteliğindeki bilimkurgu klasiği Doktor Moreau'nun Adası
yayımlandığı günden beri “sarsıcı" etkisinden hıçdır şey yitirmedi.
Bilimsel yöntemlerinin doğuracağı sonuçlar konusunda hiçbir sorumluluk
hissetmeyen çılgın bilim insanının hikâyesi, ununumaz filmlere ilham,
vermiştir. Acı, zulüm, ahlaki sorumluluk, insanın doğaya müdahalesi
gibi felsefi temalarıyla dikkat çeken yapıtında, Wells daha sonra genetik
alanındaki çalışmaların gündeme getireceği etik meseleler öngörmüştür.
Bir deniz kazasından kurtulan Edward Prendick, mahsur kaldığı adada
garip yaratıklar ve karanlık sırlarla karşılaşır Bu ada, insanı ve yazgısını
kollayacak bir Tanrı'nın bulunmadığı, bütünüyie ahlaktan yoksun bir
evrenin mikrokozmosudur adeta.

Doktor Moreau'nun Adası bilimin kontrolden çıktığı zaman
barındırabileceği potansiyel tehlikelere karşı bir uyarı niteliği taşır.
[2024-12-02 23:45:39] XV
Hayvan Halkı'na Dair

Sabah erken uyar İml lp
açtığımdan beri olanca açık seçikliğiyle mak için
du, Hamaktan kalkam, kilidi o sorana yerinden oy
bapya gitim. Pencere çubuğunu alında yal
[2024-12-02 23:47:43] şimdiden kayboluyor, erken davranan bir gece kelebeği te
pemde sessizce kanat çırpıyordu. Geceyi bu esrarengiz or
manın bilinmedik tehlikeleri arasında geçirmek istemiyor
sam bir an önce avlunun oraya dönmeliydim

O yürek paralayıcı barınağa geri dönme düşüncesi son
derece iç karartıcıydı, ama açıklıkta karanlığın ve o karan:
İikta gizlenen pek çok şeyin pençesine düşme düşüncesi daha
da kötüydü. Bu yabansı yaratığın kayıplara karıştığı mavı
gölgelere bir kez daha bakuktan sonra gerisingeri dereye
doğru bayır aşağı vurdum, çıkarabildiğim kadarıyla gelmiş
olduğum yönde yürümeye koyuldum.
bunların şaşkınlığı içinde evecen adımlarla yü-

“ Günbatımı kızılığının ardından
[2024-12-02 23:49:45] MODERN KLASİKLER Dizisi - (OO

n Adas

Welis'in öncü niteliğindeki bilimkurgu klasiği Doktor Mora
yayımlandığı günden beri “sarsıcı” etkisinden hiçbir şey yitirmedi
Bilimsel yöntemlerinin doğuracağı sonuçlar konusunda hiçbir sorumu
hissetmeyen çılgın bilim insanının hikâyesi, unutulmaz filmlere ilham
vermiştir. Acı, zulüm, ahlaki sorumluluk, insanın doğaya müdahales i
gibi felsefi temalarıyla dikkat çeken yapıtında, Wells daha sonra gene”

di mim ii. 2:
[2024-12-02 23:58:45] MODERN KLASİKLER Dizis

Welis'in öncü niteliğindeki bilimkurgu klasığı /
yayımlandığı günden beri “sarsıcı” etkisinden
Bilimsel yöntemlerinin doğuracağı sonuçlar kon:
hissetmeyen çılgın bilim insanının hikâyesi, unutulmaz fi
vermiştir. Acı, zulüm, ahlaki sorumluluk, ınsanın doğaya
gibi felsefi temalarıyla dikkat çeken yapıtında, Weis Ja
alanındaki çalışmaların gündeme getireceği etik meseleler öngörm
Bir deniz kazasından kurtulan Edward Prendick, mansur kaldığı adada
garip yaratıklar ve karanlık sırlarla karşılaşır Bu ada insanı ve yazgısını
kollayacak bir Tanrı'nın bulunmadığı, bütünüyte anlaktan yoksun bir
evrenin mikrokozmosudur adeta

Doktor Moreau'nun Adası bilimin kontrolden çıktığı zaman
barındırabileceği potansiyel tehlikelere karşı bı Uyarı niteliği taşır

: HERBERT GEORGE WELLS
De (1868-1946): İngiliz yazar, gazeteci, sosyolog
e ğa ARP Gİ
[2024-12-03 00:00:36] i

3

MODERN KLASİKLER Dizisi - (OO

Welis'in öncü niteliğindeki bilimkurgu klasiği Doktor Movaau nun Adasi
yayımlandığı beri “sarsıcı" etkisinden hiçbir şey yitirmedi.
Bilimsel yöntemlerinin doğuracağı sonuçlar konusunda hiçbir sorumluluk
hissetmeyen çılgın bilim insanının hikâyesi, unutulmaz filmlere iham
vermiştir. Acı, zulüm, ahlaki sorumluluk, insanın doğaya müdahalesi

gibi felsefi temalarıyla dikkat çeken yapıtında, Wells daha sonra genetik
gündeme getireceği etik meseleleri öngörmüşlür

i çalışmaların
Bir kazasından kurtulan Edward Prendick, mahsur kaldığı adada
3 garip yaratıklar ve karanlık sırlarla karşılaşır. Bu ada, insanı ve yazgısını
[2024-12-03 00:01:00] H.G. WELLS
DOKTOR
MOREAU'NUN
[2024-12-03 00:01:59] MODERN KLASİKLER Dizisi - (OO
[2024-12-03 00:03:01] (8 &.

MODERN 0 EŞ Dizisi - (OO
HG. WELES
DOKTOR

Veya NUN
[2024-12-03 00:09:42] MODERN KLASİKLER Dizisi - IOC

Wielis'in öncü niteliğindeki bilimkurgu klasiği Doktor Moreau'nun Adas
yayımlandığı günden beri “sarsıcı” etkisinden hiçbir şey yitirmedi.
Bilimsel yöntemlerinin doğuracağı sonuçiar konusunda hiçbir sorum
hemmameyen çin bim insanının hkâyesi, unutumaz fimlere ilham
“ vermiştir. Acı, zulüm, ahlaki sorumluluk, insanın doğaya müdahalesi
gibi felsefi temalarıyla dikkat çeken yapıtında, Welis daha sonra gen
alanındaki çalışmaların gündeme getireceği etik meseleleri öngörmü
Bir deniz kazasından kurtulan Edward Prendick, mahsur kaldığı ada
A m eye Bu ada, insanı ve yazg
cen nın bulunmadığı, bütünüyle ahlaktan yoksun bır

mikrokozmosudur adeta.

Adası bilimin kontrolden çıktığı zaman
 Sanndırabileceği potansiyel tehlikelere karşı bir uyarı niteliği taşır
[2024-12-03 00:12:09] H.G. WELLS
DOKTOR
MOREAU'NUN
ADASI”
